[debug] [2025-11-14T05:26:34.137Z] : 
[debug] [2025-11-14T05:26:34.141Z] : ----------------------------------------------------------------------
[debug] [2025-11-14T05:26:34.141Z] : Command:      C:\Program Files\nodejs\node.exe C:\Users\rohit\AppData\Roaming\npm\node_modules\zcatalyst-cli\lib\bin\catalyst.js serve
[debug] [2025-11-14T05:26:34.142Z] : CLI Version:  1.21.0
[debug] [2025-11-14T05:26:34.142Z] : Platform:     win32
[debug] [2025-11-14T05:26:34.143Z] : Node Version: v20.14.0
[debug] [2025-11-14T05:26:34.143Z] : Time:         Fri Nov 14 2025 10:56:34 GMT+0530 (India Standard Time)
[debug] [2025-11-14T05:26:34.144Z] : ----------------------------------------------------------------------
[debug] [2025-11-14T05:26:34.144Z] : 
[debug] [2025-11-14T05:26:49.827Z] : > authorizing via signed-in user option
[debug] [2025-11-14T05:26:49.829Z] : > command requires scopes: ["ZohoCatalyst.projects.ALL","ZohoCatalyst.apigateway.apis.READ","ZohoCatalyst.apigateway.READ","ZohoCatalyst.segments.ALL","ZohoCatalyst.cache.READ","ZohoCatalyst.cache.CREATE","ZohoCatalyst.cache.DELETE","ZohoCatalyst.projects.ALL","ZohoCatalyst.cron.ALL","ZohoCatalyst.zcql.CREATE","ZohoCatalyst.projects.users.READ","ZohoCatalyst.projects.users.CREATE","ZohoCatalyst.projects.users.DELETE","ZohoCatalyst.projects.users.UPDATE","ZohoCatalyst.authentication.CREATE","ZohoCatalyst.email.CREATE","ZohoCatalyst.tables.ALL","ZohoCatalyst.tables.rows.ALL","ZohoCatalyst.tables.columns.ALL","ZohoCatalyst.tables.bulk.CREATE","ZohoCatalyst.tables.bulk.READ","ZohoCatalyst.folders.ALL","ZohoCatalyst.files.CREATE","ZohoCatalyst.files.READ","ZohoCatalyst.files.DELETE","ZohoCatalyst.functions.ALL","ZohoCatalyst.functions.EXECUTE","ZohoCatalyst.eventlistners.ALL","ZohoCatalyst.eventlisteners.produce","ZohoCatalyst.security.rules.Read","ZohoCatalyst.security.rules.Update","ZohoCatalyst.notifications.mobile","ZohoCatalyst.notifications.web","ZohoCatalyst.search.READ","ZohoCatalyst.mlkit.READ","QuickML.deployment.READ","ZohoCatalyst.pdfshot.execute","ZohoCatalyst.dataverse.execute","ZohoCatalyst.circuits.execution.DELETE","ZohoCatalyst.circuits.execution.READ","ZohoCatalyst.circuits.execute","ZohoCatalyst.appsail.Read","ZohoCatalyst.jobpool.READ","ZohoCatalyst.job.ALL","ZohoCatalyst.nosql.READ","ZohoCatalyst.nosql.rows.ALL"]
[debug] [2025-11-14T05:26:50.051Z] : >>>> HTTP REQUEST : GET https://api.catalyst.zoho.com/baas/v1/project/22744000000162010 

[debug] [2025-11-14T05:26:51.355Z] : <<<< HTTP RESPONSE : 200
Response Headers: {"server":"ZGS","date":"Fri, 14 Nov 2025 05:26:51 GMT","content-type":"application/vnd.catalyst.v2+json","transfer-encoding":"chunked","connection":"keep-alive","x-content-type-options":"nosniff","cache-control":"private,no-cache,no-store,max-age=0,must-revalidate","pragma":"no-cache","expires":"Thu, 01 Jan 1970 00:00:00 GMT","x-frame-options":"DENY","strict-transport-security":"max-age=64072000; includeSubDomains; preload"}

[debug] [2025-11-14T05:26:51.367Z] : >>>> HTTP REQUEST : GET https://api.catalyst.zoho.com/baas/v1/project/22744000000162010/environment 

[error] [2025-11-14T05:26:51.763Z] : × API Error: read ECONNRESET
[debug] [2025-11-14T05:26:51.763Z] : Error Stack: CatalystError: API Error: read ECONNRESET
    at API.<anonymous> (C:\Users\rohit\AppData\Roaming\npm\node_modules\zcatalyst-cli\lib\internal\api.js:229:32)
    at Generator.next (<anonymous>)
    at C:\Users\rohit\AppData\Roaming\npm\node_modules\zcatalyst-cli\lib\internal\api.js:31:71
    at new Promise (<anonymous>)
    at __awaiter (C:\Users\rohit\AppData\Roaming\npm\node_modules\zcatalyst-cli\lib\internal\api.js:27:12)
    at Request._callback (C:\Users\rohit\AppData\Roaming\npm\node_modules\zcatalyst-cli\lib\internal\api.js:209:67)
    at self.callback (C:\Users\rohit\AppData\Roaming\npm\node_modules\zcatalyst-cli\node_modules\request\request.js:185:22)
    at Request.emit (node:events:519:28)
    at Request.onRequestError (C:\Users\rohit\AppData\Roaming\npm\node_modules\zcatalyst-cli\node_modules\request\request.js:877:8)
    at ClientRequest.emit (node:events:519:28)
[debug] [2025-11-14T05:26:51.764Z] : Original Error: Error: read ECONNRESET
    at TLSWrap.onStreamRead (node:internal/stream_base_commons:218:20)
[debug] [2025-11-14T05:26:51.764Z] : Error Status: 500
[info] [2025-11-14T05:26:51.765Z] : Kindly contact Catalyst support [support@zohocatalyst.com] if you need any further assistance
[debug] [2025-11-14T05:26:51.766Z] : EXEC ENDED with event: Error (Unexpected), message: API Error: read ECONNRESET
[debug] [2025-11-14T05:26:51.766Z] : TOTAL DURATION OF COMMAND EXEC : 2224
[debug] [2025-11-14T05:26:51.768Z] : Unable to initialise the log API
